<?xml version="1.0" encoding="UTF-8"?>
<testsuite name="org.icinga.myexample.test.VirtualisedResourceFaultManagement" tests="3" skipped="0" failures="0" errors="0" timestamp="2018-01-23T10:03:40" hostname="sakshi-Inspiron-3542" time="0.005">
  <properties/>
  <testcase name="testSubscribeForFault" classname="org.icinga.myexample.test.VirtualisedResourceFaultManagement" time="0.003"/>
  <testcase name="testGetAlarmList" classname="org.icinga.myexample.test.VirtualisedResourceFaultManagement" time="0.0"/>
  <testcase name="testUnsubscribeForFault" classname="org.icinga.myexample.test.VirtualisedResourceFaultManagement" time="0.001"/>
  <system-out><![CDATA[init
subid 342509613]]></system-out>
  <system-err><![CDATA[]]></system-err>
</testsuite>
