<?xml version="1.0" encoding="UTF-8"?>
<testsuite name="org.icinga.myexample.test.VirtualisedResourcePerformanceManagement" tests="5" skipped="0" failures="0" errors="0" timestamp="2018-02-23T13:22:27" hostname="sakshi-Inspiron-3542" time="4.08">
  <properties/>
  <testcase name="testdeleteThreshold" classname="org.icinga.myexample.test.VirtualisedResourcePerformanceManagement" time="0.001"/>
  <testcase name="testdeletePMJob" classname="org.icinga.myexample.test.VirtualisedResourcePerformanceManagement" time="0.0"/>
  <testcase name="testqueryPMJob" classname="org.icinga.myexample.test.VirtualisedResourcePerformanceManagement" time="1.094"/>
  <testcase name="testcreatePMJob" classname="org.icinga.myexample.test.VirtualisedResourcePerformanceManagement" time="2.762"/>
  <testcase name="testcreateThreshold" classname="org.icinga.myexample.test.VirtualisedResourcePerformanceManagement" time="0.221"/>
  <system-out><![CDATA[]]></system-out>
  <system-err><![CDATA[]]></system-err>
</testsuite>
