<?xml version="1.0" encoding="UTF-8"?>
<testsuite name="org.icinga.myexample.test.VirtualisedResourcePerformanceManagement" tests="3" skipped="0" failures="0" errors="0" timestamp="2018-01-10T16:22:34" hostname="sakshi-Inspiron-3542" time="1.186">
  <properties/>
  <testcase name="testdeletePMJob" classname="org.icinga.myexample.test.VirtualisedResourcePerformanceManagement" time="0.001"/>
  <testcase name="testqueryPMJob" classname="org.icinga.myexample.test.VirtualisedResourcePerformanceManagement" time="0.433"/>
  <testcase name="testcreatePMJob" classname="org.icinga.myexample.test.VirtualisedResourcePerformanceManagement" time="0.75"/>
  <system-out><![CDATA[]]></system-out>
  <system-err><![CDATA[]]></system-err>
</testsuite>
