<?xml version="1.0" encoding="UTF-8"?>
<testsuite name="org.icinga.myexample.test.VirtualisedResourcePerformanceManagement" tests="3" skipped="0" failures="0" errors="0" timestamp="2018-01-26T15:46:23" hostname="sakshi-Inspiron-3542" time="6.982">
  <properties/>
  <testcase name="testdeletePMJob" classname="org.icinga.myexample.test.VirtualisedResourcePerformanceManagement" time="0.001"/>
  <testcase name="testqueryPMJob" classname="org.icinga.myexample.test.VirtualisedResourcePerformanceManagement" time="5.137"/>
  <testcase name="testcreatePMJob" classname="org.icinga.myexample.test.VirtualisedResourcePerformanceManagement" time="1.84"/>
  <system-out><![CDATA[init
test query
test create
]]></system-out>
  <system-err><![CDATA[]]></system-err>
</testsuite>
